<?xml version="1.0" encoding="UTF-8"?>
<!-- Generated by org.testng.reporters.JUnitReportReporter -->
<testsuite skipped="0" hostname="Manu" name="testcaseBDD.AddProject" tests="1" failures="0" timestamp="2022-09-29T17:09:38 IST" time="11.859" errors="0">
  <testcase name="AddProjectwithoutProjectName" time="11.859" classname="testcaseBDD.AddProject"/>
  <system-out/>
</testsuite> <!-- testcaseBDD.AddProject -->
