<?xml version="1.0" encoding="UTF-8"?>
<!-- Generated by org.testng.reporters.JUnitReportReporter -->
<testsuite skipped="0" hostname="Manu" name="CRUDoperationWithoutBDD.GetSingleProject" tests="1" failures="0" timestamp="2022-09-28T15:43:10 IST" time="4.755" errors="0">
  <testcase name="singleProject" time="4.755" classname="CRUDoperationWithoutBDD.GetSingleProject"/>
  <system-out/>
</testsuite> <!-- CRUDoperationWithoutBDD.GetSingleProject -->
