<?xml version="1.0" encoding="UTF-8"?>
<!-- Generated by org.testng.reporters.JUnitReportReporter -->
<testsuite skipped="0" hostname="Manu" name="CRUDoperationWithoutBDD.PostjsonthroughFile" tests="1" failures="0" timestamp="2022-09-28T22:51:58 IST" time="6.440" errors="0">
  <testcase name="postjsonfile" time="6.440" classname="CRUDoperationWithoutBDD.PostjsonthroughFile"/>
  <system-out/>
</testsuite> <!-- CRUDoperationWithoutBDD.PostjsonthroughFile -->
