<?xml version="1.0" encoding="UTF-8"?>
<!-- Generated by org.testng.reporters.JUnitReportReporter -->
<testsuite skipped="0" hostname="Manu" name="CRUDoperationWithoutBDD.addProjectRandomNumber" tests="1" failures="0" timestamp="2022-09-28T13:00:30 IST" time="12.754" errors="0">
  <testcase name="CreatePro" time="12.754" classname="CRUDoperationWithoutBDD.addProjectRandomNumber"/>
  <system-out/>
</testsuite> <!-- CRUDoperationWithoutBDD.addProjectRandomNumber -->
