<?xml version="1.0" encoding="UTF-8"?>
<!-- Generated by org.testng.reporters.JUnitReportReporter -->
<testsuite skipped="0" hostname="Manu" name="serializationAndDeserialization.Deserialization" tests="1" failures="0" timestamp="2022-09-27T17:22:17 IST" time="0.661" errors="0">
  <testcase name="deserializationmethod" time="0.661" classname="serializationAndDeserialization.Deserialization"/>
  <system-out/>
</testsuite> <!-- serializationAndDeserialization.Deserialization -->
