<?xml version="1.0" encoding="UTF-8"?>
<!-- Generated by org.testng.reporters.JUnitReportReporter -->
<testsuite skipped="0" hostname="Manu" name="testcaseBDD.ModifyCreatedByCheckProjectDetailsChange" tests="1" failures="0" timestamp="2022-09-29T17:09:38 IST" time="0.156" errors="0">
  <testcase name="ModifyCreatedByCheckProjectDetailsChangeUsingBDD" time="0.156" classname="testcaseBDD.ModifyCreatedByCheckProjectDetailsChange"/>
  <system-out/>
</testsuite> <!-- testcaseBDD.ModifyCreatedByCheckProjectDetailsChange -->
