<?xml version="1.0" encoding="UTF-8"?>
<!-- Generated by org.testng.reporters.JUnitReportReporter -->
<testsuite skipped="0" hostname="Manu" name="CrudOpertionBDD.GetsingleProjectBaseOnProjectId" tests="1" failures="0" timestamp="2022-09-29T12:21:49 IST" time="4.538" errors="0">
  <testcase name="getprojectBaseonprojectIdUsingBDD" time="4.538" classname="CrudOpertionBDD.GetsingleProjectBaseOnProjectId"/>
  <system-out/>
</testsuite> <!-- CrudOpertionBDD.GetsingleProjectBaseOnProjectId -->
