<?xml version="1.0" encoding="UTF-8"?>
<!-- Generated by org.testng.reporters.JUnitReportReporter -->
<testsuite skipped="0" hostname="Manu" name="CrudOpertionBDD.DeleteProjectUsingBDD" tests="1" failures="0" timestamp="2022-09-29T13:25:53 IST" time="4.398" errors="0">
  <testcase name="deleteProjectUsingDeleteBDD" time="4.398" classname="CrudOpertionBDD.DeleteProjectUsingBDD"/>
  <system-out/>
</testsuite> <!-- CrudOpertionBDD.DeleteProjectUsingBDD -->
