<?xml version="1.0" encoding="UTF-8"?>
<!-- Generated by org.testng.reporters.JUnitReportReporter -->
<testsuite skipped="0" hostname="Manu" name="testcaseBDD.GetProjectWithoutUriAndPort" tests="1" failures="0" timestamp="2022-09-29T17:09:38 IST" time="0.222" errors="0">
  <testcase name="getProjectWithOutURIandPort" time="0.222" classname="testcaseBDD.GetProjectWithoutUriAndPort"/>
  <system-out/>
</testsuite> <!-- testcaseBDD.GetProjectWithoutUriAndPort -->
