<?xml version="1.0" encoding="UTF-8"?>
<!-- Generated by org.testng.reporters.JUnitReportReporter -->
<testsuite skipped="0" hostname="Manu" name="CRUDoperationWithoutBDD.GetProjectFromTestScript" tests="1" failures="0" timestamp="2022-09-28T13:13:11 IST" time="15.700" errors="0">
  <testcase name="getResponse" time="15.700" classname="CRUDoperationWithoutBDD.GetProjectFromTestScript"/>
  <system-out/>
</testsuite> <!-- CRUDoperationWithoutBDD.GetProjectFromTestScript -->
