<?xml version="1.0" encoding="UTF-8"?>
<!-- Generated by org.testng.reporters.JUnitReportReporter -->
<testsuite skipped="0" hostname="Manu" name="testcaseBDD.GetProjectWithOutresource" tests="1" failures="0" timestamp="2022-09-29T17:09:38 IST" time="0.653" errors="0">
  <testcase name="getProjectWithOutResource" time="0.653" classname="testcaseBDD.GetProjectWithOutresource"/>
  <system-out/>
</testsuite> <!-- testcaseBDD.GetProjectWithOutresource -->
