<?xml version="1.0" encoding="UTF-8"?>
<!-- Generated by org.testng.reporters.JUnitReportReporter -->
<testsuite skipped="0" hostname="Manu" name="CRUDoperationWithoutBDD.Sample" tests="1" failures="0" timestamp="2022-09-28T17:58:04 IST" time="36.700" errors="0">
  <testcase name="sam" time="36.700" classname="CRUDoperationWithoutBDD.Sample"/>
  <system-out/>
</testsuite> <!-- CRUDoperationWithoutBDD.Sample -->
