<?xml version="1.0" encoding="UTF-8"?>
<!-- Generated by org.testng.reporters.JUnitReportReporter -->
<testsuite skipped="0" hostname="Manu" name="CrudOpertionBDD.PostProjectInBDD" tests="1" failures="0" timestamp="2022-09-29T11:54:33 IST" time="6.874" errors="0">
  <testcase name="AddProjectUsingBDDandPostMethod" time="6.874" classname="CrudOpertionBDD.PostProjectInBDD"/>
  <system-out/>
</testsuite> <!-- CrudOpertionBDD.PostProjectInBDD -->
