<?xml version="1.0" encoding="UTF-8"?>
<!-- Generated by org.testng.reporters.JUnitReportReporter -->
<testsuite skipped="0" hostname="Manu" name="serializationAndDeserialization.DeserializationObjectClass" tests="1" failures="0" timestamp="2022-09-28T10:35:57 IST" time="0.435" errors="0">
  <testcase name="deserializationObjectClass" time="0.435" classname="serializationAndDeserialization.DeserializationObjectClass"/>
  <system-out/>
</testsuite> <!-- serializationAndDeserialization.DeserializationObjectClass -->
