<?xml version="1.0" encoding="UTF-8"?>
<!-- Generated by org.testng.reporters.JUnitReportReporter -->
<testsuite skipped="0" hostname="Manu" name="CRUDoperationWithoutBDD.AddProject" tests="1" failures="0" timestamp="2022-09-28T12:31:53 IST" time="35.849" errors="0">
  <testcase name="createProjectTest" time="35.849" classname="CRUDoperationWithoutBDD.AddProject"/>
  <system-out/>
</testsuite> <!-- CRUDoperationWithoutBDD.AddProject -->
