<?xml version="1.0" encoding="UTF-8"?>
<!-- Generated by org.testng.reporters.JUnitReportReporter -->
<testsuite skipped="0" hostname="Manu" name="CrudOpertionBDD.GetProject" tests="1" failures="0" timestamp="2022-09-29T12:16:49 IST" time="5.538" errors="0">
  <testcase name="getProject" time="5.538" classname="CrudOpertionBDD.GetProject"/>
  <system-out/>
</testsuite> <!-- CrudOpertionBDD.GetProject -->
