<?xml version="1.0" encoding="UTF-8"?>
<!-- Generated by org.testng.reporters.JUnitReportReporter -->
<testsuite skipped="0" hostname="Manu" name="CrudOpertionBDD.PutMethodProjectUsingBDD" tests="1" failures="0" timestamp="2022-09-29T12:48:24 IST" time="7.543" errors="0">
  <testcase name="PutmethodinBDD" time="7.543" classname="CrudOpertionBDD.PutMethodProjectUsingBDD"/>
  <system-out/>
</testsuite> <!-- CrudOpertionBDD.PutMethodProjectUsingBDD -->
