<?xml version="1.0" encoding="UTF-8"?>
<!-- Generated by org.testng.reporters.JUnitReportReporter -->
<testsuite skipped="0" hostname="Manu" name="serializationAndDeserialization.SerializationofemployeeDetails" tests="1" failures="0" timestamp="2022-09-28T10:38:02 IST" time="0.386" errors="0">
  <testcase name="serialization" time="0.386" classname="serializationAndDeserialization.SerializationofemployeeDetails"/>
  <system-out/>
</testsuite> <!-- serializationAndDeserialization.SerializationofemployeeDetails -->
