<?xml version="1.0" encoding="UTF-8"?>
<!-- Generated by org.testng.reporters.JUnitReportReporter -->
<testsuite skipped="0" hostname="Manu" name="serializationAndDeserialization.SerliazationforContactDetails" tests="1" failures="0" timestamp="2022-09-27T17:21:19 IST" time="0.391" errors="0">
  <testcase name="serlizationContact" time="0.391" classname="serializationAndDeserialization.SerliazationforContactDetails"/>
  <system-out/>
</testsuite> <!-- serializationAndDeserialization.SerliazationforContactDetails -->
