<?xml version="1.0" encoding="UTF-8"?>
<!-- Generated by org.testng.reporters.JUnitReportReporter -->
<testsuite skipped="0" hostname="Manu" name="serializationAndDeserialization.SerializationComplexObject" tests="1" failures="0" timestamp="2022-09-27T12:37:28 IST" time="1.277" errors="0">
  <testcase name="serializaiton" time="1.277" classname="serializationAndDeserialization.SerializationComplexObject"/>
  <system-out/>
</testsuite> <!-- serializationAndDeserialization.SerializationComplexObject -->
