<?xml version="1.0" encoding="UTF-8"?>
<!-- Generated by org.testng.reporters.JUnitReportReporter -->
<testsuite skipped="0" hostname="Manu" name="testcaseBDD.NumbersCreateByCheckProjectDetailsTest" tests="1" failures="0" timestamp="2022-09-29T17:09:38 IST" time="0.165" errors="0">
  <testcase name="NumbersEnterinsideCreateBy" time="0.165" classname="testcaseBDD.NumbersCreateByCheckProjectDetailsTest"/>
  <system-out/>
</testsuite> <!-- testcaseBDD.NumbersCreateByCheckProjectDetailsTest -->
